---------------------------------------------------------------
[ 2020-03-29T23:53:47+08:00 ] 0.0.0.0 POST www.bianlidian.com/api/order/configuration
[运行时间：0.759687s] [吞吐率：1.32req/s] [内存消耗：3,575.27kb] [文件加载：122]
[ info ] [ BEHAVIOR ] Run Closure @app_init [ RunTime:0.000243s ]
[ info ] [ CACHE ] INIT File
[ info ] [ BEHAVIOR ] Run Closure @app_init [ RunTime:0.010609s ]
[ info ] [ LANG ] /Applications/MAMP/htdocs/www/BIanLiDian/thinkphp/lang/zh-cn.php
[ info ] [ ROUTE ] array (
  'type' => 'module',
  'module' => 
  array (
    0 => 'api',
    1 => 'order',
    2 => 'configuration',
  ),
)
[ info ] [ HEADER ] array (
  'host' => 'www.bianlidian.com',
  'connection' => 'keep-alive',
  'content-length' => '0',
  'pragma' => 'no-cache',
  'cache-control' => 'no-cache',
  'origin' => 'http://127.0.0.1:64660',
  'user-agent' => 'Mozilla/5.0 (iPhone; CPU iPhone OS 10_3_1 like Mac OS X) AppleWebKit/603.1.3 (KHTML, like Gecko) Version/10.0 Mobile/14E304 Safari/602.1 wechatdevtools/1.02.2001022 MicroMessenger/7.0.4 Language/zh_CN webview/',
  'content-type' => 'application/x-www-form-urlencoded',
  'accept' => '*/*',
  'referer' => 'https://servicewechat.com/wx3fb24f5d2f0956d6/devtools/page-frame.html',
  'accept-encoding' => 'gzip, deflate',
)
[ info ] [ PARAM ] array (
)
[ info ] [ LANG ] /Applications/MAMP/htdocs/www/BIanLiDian/public/../application/api/lang/zh-cn.php
[ info ] [ BEHAVIOR ] Run app\common\behavior\Common @module_init [ RunTime:0.011243s ]
[ info ] [ RUN ] app\api\controller\Order->configuration[ /Applications/MAMP/htdocs/www/BIanLiDian/application/api/controller/Order.php ]
[ info ] [ DB ] INIT mysql
[ info ] [ LOG ] INIT File
[ sql ] [ DB ] CONNECT:[ UseTime:0.007617s ] mysql:host=127.0.0.1;dbname=BIanLiDian;charset=utf8
[ sql ] [ SQL ] SHOW COLUMNS FROM `bld_configuration` [ RunTime:0.069295s ]
[ sql ] [ SQL ] SELECT `id`,`distribution`,`deliverypay` FROM `bld_configuration` WHERE  `state` = '1' LIMIT 1 [ RunTime:0.001368s ]
---------------------------------------------------------------
[ 2020-03-29T23:53:47+08:00 ] 0.0.0.0 POST www.bianlidian.com/api/order/orderone
[运行时间：0.759659s] [吞吐率：1.32req/s] [内存消耗：3,575.26kb] [文件加载：122]
[ info ] [ BEHAVIOR ] Run Closure @app_init [ RunTime:0.000209s ]
[ info ] [ CACHE ] INIT File
[ info ] [ BEHAVIOR ] Run Closure @app_init [ RunTime:0.010065s ]
[ info ] [ LANG ] /Applications/MAMP/htdocs/www/BIanLiDian/thinkphp/lang/zh-cn.php
[ info ] [ ROUTE ] array (
  'type' => 'module',
  'module' => 
  array (
    0 => 'api',
    1 => 'order',
    2 => 'orderone',
  ),
)
[ info ] [ HEADER ] array (
  'host' => 'www.bianlidian.com',
  'connection' => 'keep-alive',
  'content-length' => '0',
  'pragma' => 'no-cache',
  'cache-control' => 'no-cache',
  'origin' => 'http://127.0.0.1:64660',
  'user-agent' => 'Mozilla/5.0 (iPhone; CPU iPhone OS 10_3_1 like Mac OS X) AppleWebKit/603.1.3 (KHTML, like Gecko) Version/10.0 Mobile/14E304 Safari/602.1 wechatdevtools/1.02.2001022 MicroMessenger/7.0.4 Language/zh_CN webview/',
  'content-type' => 'application/x-www-form-urlencoded',
  'accept' => '*/*',
  'referer' => 'https://servicewechat.com/wx3fb24f5d2f0956d6/devtools/page-frame.html',
  'accept-encoding' => 'gzip, deflate',
)
[ info ] [ PARAM ] array (
)
[ info ] [ LANG ] /Applications/MAMP/htdocs/www/BIanLiDian/public/../application/api/lang/zh-cn.php
[ info ] [ BEHAVIOR ] Run app\common\behavior\Common @module_init [ RunTime:0.010927s ]
[ info ] [ RUN ] app\api\controller\Order->orderone[ /Applications/MAMP/htdocs/www/BIanLiDian/application/api/controller/Order.php ]
[ info ] [ DB ] INIT mysql
[ info ] [ LOG ] INIT File
[ sql ] [ DB ] CONNECT:[ UseTime:0.007753s ] mysql:host=127.0.0.1;dbname=BIanLiDian;charset=utf8
[ sql ] [ SQL ] SHOW COLUMNS FROM `bld_classify` [ RunTime:0.092703s ]
[ sql ] [ SQL ] SELECT `id`,`name`,`description` FROM `bld_classify` WHERE  `state` > '0' [ RunTime:0.007003s ]
---------------------------------------------------------------
[ 2020-03-29T23:53:47+08:00 ] 0.0.0.0 POST www.bianlidian.com/api/order/orderlist
[运行时间：0.092578s] [吞吐率：10.80req/s] [内存消耗：3,584.53kb] [文件加载：123]
[ info ] [ BEHAVIOR ] Run Closure @app_init [ RunTime:0.000038s ]
[ info ] [ CACHE ] INIT File
[ info ] [ BEHAVIOR ] Run Closure @app_init [ RunTime:0.001621s ]
[ info ] [ LANG ] /Applications/MAMP/htdocs/www/BIanLiDian/thinkphp/lang/zh-cn.php
[ info ] [ ROUTE ] array (
  'type' => 'module',
  'module' => 
  array (
    0 => 'api',
    1 => 'order',
    2 => 'orderlist',
  ),
)
[ info ] [ HEADER ] array (
  'host' => 'www.bianlidian.com',
  'connection' => 'keep-alive',
  'content-length' => '4',
  'pragma' => 'no-cache',
  'cache-control' => 'no-cache',
  'origin' => 'http://127.0.0.1:64660',
  'user-agent' => 'Mozilla/5.0 (iPhone; CPU iPhone OS 10_3_1 like Mac OS X) AppleWebKit/603.1.3 (KHTML, like Gecko) Version/10.0 Mobile/14E304 Safari/602.1 wechatdevtools/1.02.2001022 MicroMessenger/7.0.4 Language/zh_CN webview/',
  'content-type' => 'application/x-www-form-urlencoded',
  'accept' => '*/*',
  'referer' => 'https://servicewechat.com/wx3fb24f5d2f0956d6/devtools/page-frame.html',
  'accept-encoding' => 'gzip, deflate',
)
[ info ] [ PARAM ] array (
  'id' => '1',
)
[ info ] [ LANG ] /Applications/MAMP/htdocs/www/BIanLiDian/public/../application/api/lang/zh-cn.php
[ info ] [ BEHAVIOR ] Run app\common\behavior\Common @module_init [ RunTime:0.004675s ]
[ info ] [ RUN ] app\api\controller\Order->orderlist[ /Applications/MAMP/htdocs/www/BIanLiDian/application/api/controller/Order.php ]
[ info ] [ DB ] INIT mysql
[ info ] [ LOG ] INIT File
[ sql ] [ DB ] CONNECT:[ UseTime:0.000743s ] mysql:host=127.0.0.1;dbname=BIanLiDian;charset=utf8
[ sql ] [ SQL ] SHOW COLUMNS FROM `bld_commodity` [ RunTime:0.009360s ]
[ sql ] [ SQL ] SELECT * FROM `bld_commodity` WHERE  (  classify_id = 1 AND state > 0 AND repertory > 0 ) ORDER BY `id` DESC [ RunTime:0.004692s ]
---------------------------------------------------------------
[ 2020-03-29T23:54:12+08:00 ] 0.0.0.0 POST www.bianlidian.com/api/order/userorderlist
[运行时间：0.327548s] [吞吐率：3.05req/s] [内存消耗：3,644.02kb] [文件加载：125]
[ info ] [ BEHAVIOR ] Run Closure @app_init [ RunTime:0.000195s ]
[ info ] [ CACHE ] INIT File
[ info ] [ BEHAVIOR ] Run Closure @app_init [ RunTime:0.001877s ]
[ info ] [ LANG ] /Applications/MAMP/htdocs/www/BIanLiDian/thinkphp/lang/zh-cn.php
[ info ] [ ROUTE ] array (
  'type' => 'module',
  'module' => 
  array (
    0 => 'api',
    1 => 'order',
    2 => 'userorderlist',
  ),
)
[ info ] [ HEADER ] array (
  'host' => 'www.bianlidian.com',
  'connection' => 'keep-alive',
  'content-length' => '232',
  'pragma' => 'no-cache',
  'cache-control' => 'no-cache',
  'origin' => 'http://127.0.0.1:64660',
  'user-agent' => 'Mozilla/5.0 (iPhone; CPU iPhone OS 10_3_1 like Mac OS X) AppleWebKit/603.1.3 (KHTML, like Gecko) Version/10.0 Mobile/14E304 Safari/602.1 wechatdevtools/1.02.2001022 MicroMessenger/7.0.4 Language/zh_CN webview/',
  'content-type' => 'application/x-www-form-urlencoded',
  'accept' => '*/*',
  'referer' => 'https://servicewechat.com/wx3fb24f5d2f0956d6/devtools/page-frame.html',
  'accept-encoding' => 'gzip, deflate',
)
[ info ] [ PARAM ] array (
  'token' => 'UmYAO1FoBmwJcwEkVW5UNwA1AiIDPwYyUSIBaFNoADkAY1NpBn9UPgk+A29Qc1hmAH9XMFFqBD0DNlwsUTgGdlI9ADNRYwZsCSoBOFU2VG8ATgI0A2IGZlExASJTRgBLABZTBAYhVE8JTQMnUBNYOgBYVw9RbAQWAxZcbFFIBmhSbAAjUWAGJQkyAWJVblQnAH8CaAM5BjhRZQFxUzoAagBvU2IGN1R5',
)
[ info ] [ LANG ] /Applications/MAMP/htdocs/www/BIanLiDian/public/../application/api/lang/zh-cn.php
[ info ] [ BEHAVIOR ] Run app\common\behavior\Common @module_init [ RunTime:0.002785s ]
[ info ] [ TOKEN ] INIT Mysql
[ info ] [ DB ] INIT mysql
[ info ] [ RUN ] app\api\controller\Order->userorderlist[ /Applications/MAMP/htdocs/www/BIanLiDian/application/api/controller/Order.php ]
[ info ] [ LOG ] INIT File
[ sql ] [ DB ] CONNECT:[ UseTime:0.003532s ] mysql:host=127.0.0.1;dbname=BIanLiDian;charset=utf8
[ sql ] [ SQL ] SHOW COLUMNS FROM `bld_user_token` [ RunTime:0.004380s ]
[ sql ] [ SQL ] SELECT * FROM `bld_user_token` WHERE  `token` = '087eca24769fc8f2611ce25f4a267d8b7459341f' LIMIT 1 [ RunTime:0.009915s ]
[ sql ] [ SQL ] SHOW COLUMNS FROM `bld_order` [ RunTime:0.008833s ]
[ sql ] [ SQL ] SELECT * FROM `bld_order` WHERE  `uid` = 6 ORDER BY `id` DESC [ RunTime:0.000628s ]
[ sql ] [ SQL ] SHOW COLUMNS FROM `bld_commodity` [ RunTime:0.001155s ]
[ sql ] [ SQL ] SELECT `id`,`commodityname` FROM `bld_commodity` WHERE  `id` IN (14) [ RunTime:0.000525s ]
[ sql ] [ SQL ] SELECT `id`,`commodityname` FROM `bld_commodity` WHERE  `id` IN (14) [ RunTime:0.000375s ]
[ sql ] [ SQL ] SELECT `id`,`commodityname` FROM `bld_commodity` WHERE  `id` IN (14) [ RunTime:0.000352s ]
[ sql ] [ SQL ] SELECT `id`,`commodityname` FROM `bld_commodity` WHERE  `id` IN (14) [ RunTime:0.000341s ]
[ sql ] [ SQL ] SELECT `id`,`commodityname` FROM `bld_commodity` WHERE  `id` IN (2) [ RunTime:0.000347s ]
[ sql ] [ SQL ] SELECT `id`,`commodityname` FROM `bld_commodity` WHERE  `id` IN (2) [ RunTime:0.000682s ]
[ sql ] [ SQL ] SELECT `id`,`commodityname` FROM `bld_commodity` WHERE  `id` IN (2) [ RunTime:0.000433s ]
[ sql ] [ SQL ] SELECT `id`,`commodityname` FROM `bld_commodity` WHERE  `id` IN (14,2) [ RunTime:0.002887s ]
[ sql ] [ SQL ] SELECT `id`,`commodityname` FROM `bld_commodity` WHERE  `id` IN (2) [ RunTime:0.000441s ]
[ sql ] [ SQL ] SELECT `id`,`commodityname` FROM `bld_commodity` WHERE  `id` IN (14) [ RunTime:0.000381s ]
[ sql ] [ SQL ] SELECT `id`,`commodityname` FROM `bld_commodity` WHERE  `id` IN (14) [ RunTime:0.000382s ]
[ sql ] [ SQL ] SELECT `id`,`commodityname` FROM `bld_commodity` WHERE  `id` IN (14) [ RunTime:0.000384s ]
[ sql ] [ SQL ] SELECT `id`,`commodityname` FROM `bld_commodity` WHERE  `id` IN (14) [ RunTime:0.000369s ]
[ sql ] [ SQL ] SELECT `id`,`commodityname` FROM `bld_commodity` WHERE  `id` IN (14,13) [ RunTime:0.000784s ]
[ sql ] [ SQL ] SELECT `id`,`commodityname` FROM `bld_commodity` WHERE  `id` IN (14,13) [ RunTime:0.000440s ]
[ sql ] [ SQL ] SELECT `id`,`commodityname` FROM `bld_commodity` WHERE  `id` IN (14,13) [ RunTime:0.000416s ]
[ sql ] [ SQL ] SELECT `id`,`commodityname` FROM `bld_commodity` WHERE  `id` IN (14,13) [ RunTime:0.000405s ]
[ sql ] [ SQL ] SELECT `id`,`commodityname` FROM `bld_commodity` WHERE  `id` IN (14,13) [ RunTime:0.000705s ]
[ sql ] [ SQL ] SELECT `id`,`commodityname` FROM `bld_commodity` WHERE  `id` IN (14,13) [ RunTime:0.000809s ]
[ sql ] [ SQL ] SELECT `id`,`commodityname` FROM `bld_commodity` WHERE  `id` IN (14,13) [ RunTime:0.000917s ]
[ sql ] [ SQL ] SELECT `id`,`commodityname` FROM `bld_commodity` WHERE  `id` IN (14,13) [ RunTime:0.000541s ]
[ sql ] [ SQL ] SELECT `id`,`commodityname` FROM `bld_commodity` WHERE  `id` IN (14,13) [ RunTime:0.000470s ]
[ sql ] [ SQL ] SELECT `id`,`commodityname` FROM `bld_commodity` WHERE  `id` IN (14,13) [ RunTime:0.000407s ]
[ sql ] [ SQL ] SELECT `id`,`commodityname` FROM `bld_commodity` WHERE  `id` IN (14,13) [ RunTime:0.000685s ]
[ sql ] [ SQL ] SELECT `id`,`commodityname` FROM `bld_commodity` WHERE  `id` IN (14,13) [ RunTime:0.000417s ]
[ sql ] [ SQL ] SELECT `id`,`commodityname` FROM `bld_commodity` WHERE  `id` IN (14,13) [ RunTime:0.000399s ]
[ sql ] [ SQL ] SELECT `id`,`commodityname` FROM `bld_commodity` WHERE  `id` IN (14,13) [ RunTime:0.000386s ]
[ sql ] [ SQL ] SELECT `id`,`commodityname` FROM `bld_commodity` WHERE  `id` IN (14,13) [ RunTime:0.000384s ]
---------------------------------------------------------------
[ 2020-03-29T23:54:14+08:00 ] 0.0.0.0 POST www.bianlidian.com/api/user/userdata
[运行时间：0.452391s] [吞吐率：2.21req/s] [内存消耗：3,675.23kb] [文件加载：126]
[ info ] [ BEHAVIOR ] Run Closure @app_init [ RunTime:0.000049s ]
[ info ] [ CACHE ] INIT File
[ info ] [ BEHAVIOR ] Run Closure @app_init [ RunTime:0.012840s ]
[ info ] [ LANG ] /Applications/MAMP/htdocs/www/BIanLiDian/thinkphp/lang/zh-cn.php
[ info ] [ ROUTE ] array (
  'type' => 'module',
  'module' => 
  array (
    0 => 'api',
    1 => 'user',
    2 => 'userdata',
  ),
)
[ info ] [ HEADER ] array (
  'host' => 'www.bianlidian.com',
  'connection' => 'keep-alive',
  'content-length' => '232',
  'pragma' => 'no-cache',
  'cache-control' => 'no-cache',
  'origin' => 'http://127.0.0.1:64660',
  'user-agent' => 'Mozilla/5.0 (iPhone; CPU iPhone OS 10_3_1 like Mac OS X) AppleWebKit/603.1.3 (KHTML, like Gecko) Version/10.0 Mobile/14E304 Safari/602.1 wechatdevtools/1.02.2001022 MicroMessenger/7.0.4 Language/zh_CN webview/',
  'content-type' => 'application/x-www-form-urlencoded',
  'accept' => '*/*',
  'referer' => 'https://servicewechat.com/wx3fb24f5d2f0956d6/devtools/page-frame.html',
  'accept-encoding' => 'gzip, deflate',
)
[ info ] [ PARAM ] array (
  'token' => 'UmYAO1FoBmwJcwEkVW5UNwA1AiIDPwYyUSIBaFNoADkAY1NpBn9UPgk+A29Qc1hmAH9XMFFqBD0DNlwsUTgGdlI9ADNRYwZsCSoBOFU2VG8ATgI0A2IGZlExASJTRgBLABZTBAYhVE8JTQMnUBNYOgBYVw9RbAQWAxZcbFFIBmhSbAAjUWAGJQkyAWJVblQnAH8CaAM5BjhRZQFxUzoAagBvU2IGN1R5',
)
[ info ] [ LANG ] /Applications/MAMP/htdocs/www/BIanLiDian/public/../application/api/lang/zh-cn.php
[ info ] [ BEHAVIOR ] Run app\common\behavior\Common @module_init [ RunTime:0.004954s ]
[ info ] [ TOKEN ] INIT Mysql
[ info ] [ DB ] INIT mysql
[ info ] [ LANG ] /Applications/MAMP/htdocs/www/BIanLiDian/public/../application/api/lang/zh-cn/user.php
[ info ] [ RUN ] app\api\controller\User->userdata[ /Applications/MAMP/htdocs/www/BIanLiDian/application/api/controller/User.php ]
[ info ] [ LOG ] INIT File
[ sql ] [ DB ] CONNECT:[ UseTime:0.000804s ] mysql:host=127.0.0.1;dbname=BIanLiDian;charset=utf8
[ sql ] [ SQL ] SHOW COLUMNS FROM `bld_user_token` [ RunTime:0.001778s ]
[ sql ] [ SQL ] SELECT * FROM `bld_user_token` WHERE  `token` = '087eca24769fc8f2611ce25f4a267d8b7459341f' LIMIT 1 [ RunTime:0.000610s ]
[ sql ] [ SQL ] SHOW COLUMNS FROM `bld_userlist` [ RunTime:0.005915s ]
[ sql ] [ SQL ] SELECT `id`,`name`,`nickName`,`phone`,`avatarUrl`,`price` FROM `bld_userlist` WHERE  `id` = 6 LIMIT 1 [ RunTime:0.000731s ]
---------------------------------------------------------------
[ 2020-03-29T23:54:14+08:00 ] 0.0.0.0 POST www.bianlidian.com/api/user/userdata
[运行时间：0.252458s] [吞吐率：3.96req/s] [内存消耗：3,675.23kb] [文件加载：126]
[ info ] [ BEHAVIOR ] Run Closure @app_init [ RunTime:0.000356s ]
[ info ] [ CACHE ] INIT File
[ info ] [ BEHAVIOR ] Run Closure @app_init [ RunTime:0.044346s ]
[ info ] [ LANG ] /Applications/MAMP/htdocs/www/BIanLiDian/thinkphp/lang/zh-cn.php
[ info ] [ ROUTE ] array (
  'type' => 'module',
  'module' => 
  array (
    0 => 'api',
    1 => 'user',
    2 => 'userdata',
  ),
)
[ info ] [ HEADER ] array (
  'host' => 'www.bianlidian.com',
  'connection' => 'keep-alive',
  'content-length' => '232',
  'pragma' => 'no-cache',
  'cache-control' => 'no-cache',
  'origin' => 'http://127.0.0.1:64660',
  'user-agent' => 'Mozilla/5.0 (iPhone; CPU iPhone OS 10_3_1 like Mac OS X) AppleWebKit/603.1.3 (KHTML, like Gecko) Version/10.0 Mobile/14E304 Safari/602.1 wechatdevtools/1.02.2001022 MicroMessenger/7.0.4 Language/zh_CN webview/',
  'content-type' => 'application/x-www-form-urlencoded',
  'accept' => '*/*',
  'referer' => 'https://servicewechat.com/wx3fb24f5d2f0956d6/devtools/page-frame.html',
  'accept-encoding' => 'gzip, deflate',
)
[ info ] [ PARAM ] array (
  'token' => 'UmYAO1FoBmwJcwEkVW5UNwA1AiIDPwYyUSIBaFNoADkAY1NpBn9UPgk+A29Qc1hmAH9XMFFqBD0DNlwsUTgGdlI9ADNRYwZsCSoBOFU2VG8ATgI0A2IGZlExASJTRgBLABZTBAYhVE8JTQMnUBNYOgBYVw9RbAQWAxZcbFFIBmhSbAAjUWAGJQkyAWJVblQnAH8CaAM5BjhRZQFxUzoAagBvU2IGN1R5',
)
[ info ] [ LANG ] /Applications/MAMP/htdocs/www/BIanLiDian/public/../application/api/lang/zh-cn.php
[ info ] [ BEHAVIOR ] Run app\common\behavior\Common @module_init [ RunTime:0.003269s ]
[ info ] [ TOKEN ] INIT Mysql
[ info ] [ DB ] INIT mysql
[ info ] [ LANG ] /Applications/MAMP/htdocs/www/BIanLiDian/public/../application/api/lang/zh-cn/user.php
[ info ] [ RUN ] app\api\controller\User->userdata[ /Applications/MAMP/htdocs/www/BIanLiDian/application/api/controller/User.php ]
[ info ] [ LOG ] INIT File
[ sql ] [ DB ] CONNECT:[ UseTime:0.000831s ] mysql:host=127.0.0.1;dbname=BIanLiDian;charset=utf8
[ sql ] [ SQL ] SHOW COLUMNS FROM `bld_user_token` [ RunTime:0.000807s ]
[ sql ] [ SQL ] SELECT * FROM `bld_user_token` WHERE  `token` = '087eca24769fc8f2611ce25f4a267d8b7459341f' LIMIT 1 [ RunTime:0.000431s ]
[ sql ] [ SQL ] SHOW COLUMNS FROM `bld_userlist` [ RunTime:0.001001s ]
[ sql ] [ SQL ] SELECT `id`,`name`,`nickName`,`phone`,`avatarUrl`,`price` FROM `bld_userlist` WHERE  `id` = 6 LIMIT 1 [ RunTime:0.000473s ]
---------------------------------------------------------------
[ 2020-03-29T23:54:16+08:00 ] 0.0.0.0 POST www.bianlidian.com/api/order/configuration
[运行时间：0.087477s] [吞吐率：11.43req/s] [内存消耗：3,575.29kb] [文件加载：122]
[ info ] [ BEHAVIOR ] Run Closure @app_init [ RunTime:0.000114s ]
[ info ] [ CACHE ] INIT File
[ info ] [ BEHAVIOR ] Run Closure @app_init [ RunTime:0.002204s ]
[ info ] [ LANG ] /Applications/MAMP/htdocs/www/BIanLiDian/thinkphp/lang/zh-cn.php
[ info ] [ ROUTE ] array (
  'type' => 'module',
  'module' => 
  array (
    0 => 'api',
    1 => 'order',
    2 => 'configuration',
  ),
)
[ info ] [ HEADER ] array (
  'host' => 'www.bianlidian.com',
  'connection' => 'keep-alive',
  'content-length' => '0',
  'pragma' => 'no-cache',
  'cache-control' => 'no-cache',
  'origin' => 'http://127.0.0.1:64660',
  'user-agent' => 'Mozilla/5.0 (iPhone; CPU iPhone OS 10_3_1 like Mac OS X) AppleWebKit/603.1.3 (KHTML, like Gecko) Version/10.0 Mobile/14E304 Safari/602.1 wechatdevtools/1.02.2001022 MicroMessenger/7.0.4 Language/zh_CN webview/',
  'content-type' => 'application/x-www-form-urlencoded',
  'accept' => '*/*',
  'referer' => 'https://servicewechat.com/wx3fb24f5d2f0956d6/devtools/page-frame.html',
  'accept-encoding' => 'gzip, deflate',
)
[ info ] [ PARAM ] array (
)
[ info ] [ LANG ] /Applications/MAMP/htdocs/www/BIanLiDian/public/../application/api/lang/zh-cn.php
[ info ] [ BEHAVIOR ] Run app\common\behavior\Common @module_init [ RunTime:0.002259s ]
[ info ] [ RUN ] app\api\controller\Order->configuration[ /Applications/MAMP/htdocs/www/BIanLiDian/application/api/controller/Order.php ]
[ info ] [ DB ] INIT mysql
[ info ] [ LOG ] INIT File
[ sql ] [ DB ] CONNECT:[ UseTime:0.000722s ] mysql:host=127.0.0.1;dbname=BIanLiDian;charset=utf8
[ sql ] [ SQL ] SHOW COLUMNS FROM `bld_configuration` [ RunTime:0.000824s ]
[ sql ] [ SQL ] SELECT `id`,`distribution`,`deliverypay` FROM `bld_configuration` WHERE  `state` = '1' LIMIT 1 [ RunTime:0.000568s ]
