---------------------------------------------------------------
[ 2020-04-11T19:54:05+08:00 ] 0.0.0.0 POST www.bianlidian.com/api/order/configuration
[运行时间：4.216160s] [吞吐率：0.24req/s] [内存消耗：3,575.30kb] [文件加载：122]
[ info ] [ BEHAVIOR ] Run Closure @app_init [ RunTime:0.000330s ]
[ info ] [ CACHE ] INIT File
[ info ] [ BEHAVIOR ] Run Closure @app_init [ RunTime:0.010504s ]
[ info ] [ LANG ] /Applications/MAMP/htdocs/www/BIanLiDian/thinkphp/lang/zh-cn.php
[ info ] [ ROUTE ] array (
  'type' => 'module',
  'module' => 
  array (
    0 => 'api',
    1 => 'order',
    2 => 'configuration',
  ),
)
[ info ] [ HEADER ] array (
  'host' => 'www.bianlidian.com',
  'connection' => 'keep-alive',
  'content-length' => '0',
  'pragma' => 'no-cache',
  'cache-control' => 'no-cache',
  'origin' => 'http://127.0.0.1:45670',
  'user-agent' => 'Mozilla/5.0 (iPhone; CPU iPhone OS 10_3_1 like Mac OS X) AppleWebKit/603.1.3 (KHTML, like Gecko) Version/10.0 Mobile/14E304 Safari/602.1 wechatdevtools/1.02.2001022 MicroMessenger/7.0.4 Language/zh_CN webview/',
  'content-type' => 'application/x-www-form-urlencoded',
  'accept' => '*/*',
  'referer' => 'https://servicewechat.com/wx3fb24f5d2f0956d6/devtools/page-frame.html',
  'accept-encoding' => 'gzip, deflate',
)
[ info ] [ PARAM ] array (
)
[ info ] [ LANG ] /Applications/MAMP/htdocs/www/BIanLiDian/public/../application/api/lang/zh-cn.php
[ info ] [ BEHAVIOR ] Run app\common\behavior\Common @module_init [ RunTime:0.031944s ]
[ info ] [ RUN ] app\api\controller\Order->configuration[ /Applications/MAMP/htdocs/www/BIanLiDian/application/api/controller/Order.php ]
[ info ] [ DB ] INIT mysql
[ info ] [ LOG ] INIT File
[ sql ] [ DB ] CONNECT:[ UseTime:0.008697s ] mysql:host=127.0.0.1;dbname=BIanLiDian;charset=utf8
[ sql ] [ SQL ] SHOW COLUMNS FROM `bld_configuration` [ RunTime:0.076106s ]
[ sql ] [ SQL ] SELECT `id`,`distribution`,`deliverypay` FROM `bld_configuration` WHERE  `state` = '1' LIMIT 1 [ RunTime:0.003001s ]
---------------------------------------------------------------
[ 2020-04-11T19:54:11+08:00 ] 0.0.0.0 POST www.bianlidian.com/api/user/userdata
[运行时间：0.303038s] [吞吐率：3.30req/s] [内存消耗：3,675.23kb] [文件加载：126]
[ info ] [ BEHAVIOR ] Run Closure @app_init [ RunTime:0.005195s ]
[ info ] [ CACHE ] INIT File
[ info ] [ BEHAVIOR ] Run Closure @app_init [ RunTime:0.004146s ]
[ info ] [ LANG ] /Applications/MAMP/htdocs/www/BIanLiDian/thinkphp/lang/zh-cn.php
[ info ] [ ROUTE ] array (
  'type' => 'module',
  'module' => 
  array (
    0 => 'api',
    1 => 'user',
    2 => 'userdata',
  ),
)
[ info ] [ HEADER ] array (
  'host' => 'www.bianlidian.com',
  'connection' => 'keep-alive',
  'content-length' => '232',
  'pragma' => 'no-cache',
  'cache-control' => 'no-cache',
  'origin' => 'http://127.0.0.1:45670',
  'user-agent' => 'Mozilla/5.0 (iPhone; CPU iPhone OS 10_3_1 like Mac OS X) AppleWebKit/603.1.3 (KHTML, like Gecko) Version/10.0 Mobile/14E304 Safari/602.1 wechatdevtools/1.02.2001022 MicroMessenger/7.0.4 Language/zh_CN webview/',
  'content-type' => 'application/x-www-form-urlencoded',
  'accept' => '*/*',
  'referer' => 'https://servicewechat.com/wx3fb24f5d2f0956d6/devtools/page-frame.html',
  'accept-encoding' => 'gzip, deflate',
)
[ info ] [ PARAM ] array (
  'token' => 'UmYAO1FoBmwJcwEkVW5UNwA1AiIDPwYyUSIBaFNoADkAY1NpBn9UPgk+A29Qc1hmAH9XMFFqBD0DNlwsUTgGdlI9ADNRYwZsCSoBOFU2VG8ATgI0A2IGZlExASJTRgBLABZTBAYhVE8JTQMnUBNYOgBYVw9RbAQWAxZcbFFIBmhSbAAjUWAGJQkyAWJVblQnAH8CaAM5BjhRZQFxUzoAagBvU2IGN1R5',
)
[ info ] [ LANG ] /Applications/MAMP/htdocs/www/BIanLiDian/public/../application/api/lang/zh-cn.php
[ info ] [ BEHAVIOR ] Run app\common\behavior\Common @module_init [ RunTime:0.005464s ]
[ info ] [ TOKEN ] INIT Mysql
[ info ] [ DB ] INIT mysql
[ info ] [ LANG ] /Applications/MAMP/htdocs/www/BIanLiDian/public/../application/api/lang/zh-cn/user.php
[ info ] [ RUN ] app\api\controller\User->userdata[ /Applications/MAMP/htdocs/www/BIanLiDian/application/api/controller/User.php ]
[ info ] [ LOG ] INIT File
[ sql ] [ DB ] CONNECT:[ UseTime:0.002018s ] mysql:host=127.0.0.1;dbname=BIanLiDian;charset=utf8
[ sql ] [ SQL ] SHOW COLUMNS FROM `bld_user_token` [ RunTime:0.001319s ]
[ sql ] [ SQL ] SELECT * FROM `bld_user_token` WHERE  `token` = '087eca24769fc8f2611ce25f4a267d8b7459341f' LIMIT 1 [ RunTime:0.064879s ]
[ sql ] [ SQL ] SHOW COLUMNS FROM `bld_userlist` [ RunTime:0.005100s ]
[ sql ] [ SQL ] SELECT `id`,`name`,`nickName`,`phone`,`avatarUrl`,`price` FROM `bld_userlist` WHERE  `id` = 6 LIMIT 1 [ RunTime:0.000765s ]
---------------------------------------------------------------
[ 2020-04-11T19:54:11+08:00 ] 0.0.0.0 POST www.bianlidian.com/api/user/userdata
[运行时间：0.307755s] [吞吐率：3.25req/s] [内存消耗：3,676.38kb] [文件加载：126]
[ info ] [ BEHAVIOR ] Run Closure @app_init [ RunTime:0.000388s ]
[ info ] [ CACHE ] INIT File
[ info ] [ BEHAVIOR ] Run Closure @app_init [ RunTime:0.027351s ]
[ info ] [ LANG ] /Applications/MAMP/htdocs/www/BIanLiDian/thinkphp/lang/zh-cn.php
[ info ] [ ROUTE ] array (
  'type' => 'module',
  'module' => 
  array (
    0 => 'api',
    1 => 'user',
    2 => 'userdata',
  ),
)
[ info ] [ HEADER ] array (
  'host' => 'www.bianlidian.com',
  'connection' => 'keep-alive',
  'content-length' => '232',
  'pragma' => 'no-cache',
  'cache-control' => 'no-cache',
  'origin' => 'http://127.0.0.1:45670',
  'user-agent' => 'Mozilla/5.0 (iPhone; CPU iPhone OS 10_3_1 like Mac OS X) AppleWebKit/603.1.3 (KHTML, like Gecko) Version/10.0 Mobile/14E304 Safari/602.1 wechatdevtools/1.02.2001022 MicroMessenger/7.0.4 Language/zh_CN webview/',
  'content-type' => 'application/x-www-form-urlencoded',
  'accept' => '*/*',
  'referer' => 'https://servicewechat.com/wx3fb24f5d2f0956d6/devtools/page-frame.html',
  'accept-encoding' => 'gzip, deflate',
)
[ info ] [ PARAM ] array (
  'token' => 'UmYAO1FoBmwJcwEkVW5UNwA1AiIDPwYyUSIBaFNoADkAY1NpBn9UPgk+A29Qc1hmAH9XMFFqBD0DNlwsUTgGdlI9ADNRYwZsCSoBOFU2VG8ATgI0A2IGZlExASJTRgBLABZTBAYhVE8JTQMnUBNYOgBYVw9RbAQWAxZcbFFIBmhSbAAjUWAGJQkyAWJVblQnAH8CaAM5BjhRZQFxUzoAagBvU2IGN1R5',
)
[ info ] [ LANG ] /Applications/MAMP/htdocs/www/BIanLiDian/public/../application/api/lang/zh-cn.php
[ info ] [ BEHAVIOR ] Run app\common\behavior\Common @module_init [ RunTime:0.027122s ]
[ info ] [ TOKEN ] INIT Mysql
[ info ] [ DB ] INIT mysql
[ info ] [ LANG ] /Applications/MAMP/htdocs/www/BIanLiDian/public/../application/api/lang/zh-cn/user.php
[ info ] [ RUN ] app\api\controller\User->userdata[ /Applications/MAMP/htdocs/www/BIanLiDian/application/api/controller/User.php ]
[ info ] [ LOG ] INIT File
[ sql ] [ DB ] CONNECT:[ UseTime:0.001302s ] mysql:host=127.0.0.1;dbname=BIanLiDian;charset=utf8
[ sql ] [ SQL ] SHOW COLUMNS FROM `bld_user_token` [ RunTime:0.007083s ]
[ sql ] [ SQL ] SELECT * FROM `bld_user_token` WHERE  `token` = '087eca24769fc8f2611ce25f4a267d8b7459341f' LIMIT 1 [ RunTime:0.003151s ]
[ sql ] [ SQL ] SHOW COLUMNS FROM `bld_userlist` [ RunTime:0.016709s ]
[ sql ] [ SQL ] SELECT `id`,`name`,`nickName`,`phone`,`avatarUrl`,`price` FROM `bld_userlist` WHERE  `id` = 6 LIMIT 1 [ RunTime:0.001062s ]
---------------------------------------------------------------
[ 2020-04-11T19:54:15+08:00 ] 0.0.0.0 GET www.bianlidian.com/api/user/userupdate?token=UmYAO1FoBmwJcwEkVW5UNwA1AiIDPwYyUSIBaFNoADkAY1NpBn9UPgk%2BA29Qc1hmAH9XMFFqBD0DNlwsUTgGdlI9ADNRYwZsCSoBOFU2VG8ATgI0A2IGZlExASJTRgBLABZTBAYhVE8JTQMnUBNYOgBYVw9RbAQWAxZcbFFIBmhSbAAjUWAGJQkyAWJVblQnAH8CaAM5BjhRZQFxUzoAagBvU2IGN1R5
[运行时间：0.410549s] [吞吐率：2.44req/s] [内存消耗：3,677.73kb] [文件加载：126]
[ info ] [ BEHAVIOR ] Run Closure @app_init [ RunTime:0.000078s ]
[ info ] [ CACHE ] INIT File
[ info ] [ BEHAVIOR ] Run Closure @app_init [ RunTime:0.049198s ]
[ info ] [ LANG ] /Applications/MAMP/htdocs/www/BIanLiDian/thinkphp/lang/zh-cn.php
[ info ] [ ROUTE ] array (
  'type' => 'module',
  'module' => 
  array (
    0 => 'api',
    1 => 'user',
    2 => 'userupdate',
  ),
)
[ info ] [ HEADER ] array (
  'host' => 'www.bianlidian.com',
  'connection' => 'keep-alive',
  'pragma' => 'no-cache',
  'cache-control' => 'no-cache',
  'user-agent' => 'Mozilla/5.0 (iPhone; CPU iPhone OS 10_3_1 like Mac OS X) AppleWebKit/603.1.3 (KHTML, like Gecko) Version/10.0 Mobile/14E304 Safari/602.1 wechatdevtools/1.02.2001022 MicroMessenger/7.0.4 Language/zh_CN webview/',
  'content-type' => 'application/json',
  'accept' => '*/*',
  'referer' => 'https://servicewechat.com/wx3fb24f5d2f0956d6/devtools/page-frame.html',
  'accept-encoding' => 'gzip, deflate',
)
[ info ] [ PARAM ] array (
  'token' => 'UmYAO1FoBmwJcwEkVW5UNwA1AiIDPwYyUSIBaFNoADkAY1NpBn9UPgk+A29Qc1hmAH9XMFFqBD0DNlwsUTgGdlI9ADNRYwZsCSoBOFU2VG8ATgI0A2IGZlExASJTRgBLABZTBAYhVE8JTQMnUBNYOgBYVw9RbAQWAxZcbFFIBmhSbAAjUWAGJQkyAWJVblQnAH8CaAM5BjhRZQFxUzoAagBvU2IGN1R5',
)
[ info ] [ LANG ] /Applications/MAMP/htdocs/www/BIanLiDian/public/../application/api/lang/zh-cn.php
[ info ] [ BEHAVIOR ] Run app\common\behavior\Common @module_init [ RunTime:0.013435s ]
[ info ] [ TOKEN ] INIT Mysql
[ info ] [ DB ] INIT mysql
[ info ] [ LANG ] /Applications/MAMP/htdocs/www/BIanLiDian/public/../application/api/lang/zh-cn/user.php
[ info ] [ RUN ] app\api\controller\User->userupdate[ /Applications/MAMP/htdocs/www/BIanLiDian/application/api/controller/User.php ]
[ info ] [ LOG ] INIT File
[ sql ] [ DB ] CONNECT:[ UseTime:0.003587s ] mysql:host=127.0.0.1;dbname=BIanLiDian;charset=utf8
[ sql ] [ SQL ] SHOW COLUMNS FROM `bld_user_token` [ RunTime:0.006217s ]
[ sql ] [ SQL ] SELECT * FROM `bld_user_token` WHERE  `token` = '087eca24769fc8f2611ce25f4a267d8b7459341f' LIMIT 1 [ RunTime:0.008431s ]
[ sql ] [ SQL ] SHOW COLUMNS FROM `bld_userlist` [ RunTime:0.031163s ]
[ sql ] [ SQL ] SELECT `name`,`nickName`,`phone`,`avatarUrl`,`mailbox`,`state`,`city`,`country`,`province` FROM `bld_userlist` WHERE  `id` = 6 LIMIT 1 [ RunTime:0.000622s ]
---------------------------------------------------------------
[ 2020-04-11T19:54:21+08:00 ] 0.0.0.0 POST www.bianlidian.com/api/user/userdata
[运行时间：0.369136s] [吞吐率：2.71req/s] [内存消耗：3,675.23kb] [文件加载：126]
[ info ] [ BEHAVIOR ] Run Closure @app_init [ RunTime:0.000118s ]
[ info ] [ CACHE ] INIT File
[ info ] [ BEHAVIOR ] Run Closure @app_init [ RunTime:0.001994s ]
[ info ] [ LANG ] /Applications/MAMP/htdocs/www/BIanLiDian/thinkphp/lang/zh-cn.php
[ info ] [ ROUTE ] array (
  'type' => 'module',
  'module' => 
  array (
    0 => 'api',
    1 => 'user',
    2 => 'userdata',
  ),
)
[ info ] [ HEADER ] array (
  'host' => 'www.bianlidian.com',
  'connection' => 'keep-alive',
  'content-length' => '232',
  'pragma' => 'no-cache',
  'cache-control' => 'no-cache',
  'origin' => 'http://127.0.0.1:45670',
  'user-agent' => 'Mozilla/5.0 (iPhone; CPU iPhone OS 10_3_1 like Mac OS X) AppleWebKit/603.1.3 (KHTML, like Gecko) Version/10.0 Mobile/14E304 Safari/602.1 wechatdevtools/1.02.2001022 MicroMessenger/7.0.4 Language/zh_CN webview/',
  'content-type' => 'application/x-www-form-urlencoded',
  'accept' => '*/*',
  'referer' => 'https://servicewechat.com/wx3fb24f5d2f0956d6/devtools/page-frame.html',
  'accept-encoding' => 'gzip, deflate',
)
[ info ] [ PARAM ] array (
  'token' => 'UmYAO1FoBmwJcwEkVW5UNwA1AiIDPwYyUSIBaFNoADkAY1NpBn9UPgk+A29Qc1hmAH9XMFFqBD0DNlwsUTgGdlI9ADNRYwZsCSoBOFU2VG8ATgI0A2IGZlExASJTRgBLABZTBAYhVE8JTQMnUBNYOgBYVw9RbAQWAxZcbFFIBmhSbAAjUWAGJQkyAWJVblQnAH8CaAM5BjhRZQFxUzoAagBvU2IGN1R5',
)
[ info ] [ LANG ] /Applications/MAMP/htdocs/www/BIanLiDian/public/../application/api/lang/zh-cn.php
[ info ] [ BEHAVIOR ] Run app\common\behavior\Common @module_init [ RunTime:0.007312s ]
[ info ] [ TOKEN ] INIT Mysql
[ info ] [ DB ] INIT mysql
[ info ] [ LANG ] /Applications/MAMP/htdocs/www/BIanLiDian/public/../application/api/lang/zh-cn/user.php
[ info ] [ RUN ] app\api\controller\User->userdata[ /Applications/MAMP/htdocs/www/BIanLiDian/application/api/controller/User.php ]
[ info ] [ LOG ] INIT File
[ sql ] [ DB ] CONNECT:[ UseTime:0.001262s ] mysql:host=127.0.0.1;dbname=BIanLiDian;charset=utf8
[ sql ] [ SQL ] SHOW COLUMNS FROM `bld_user_token` [ RunTime:0.000889s ]
[ sql ] [ SQL ] SELECT * FROM `bld_user_token` WHERE  `token` = '087eca24769fc8f2611ce25f4a267d8b7459341f' LIMIT 1 [ RunTime:0.000591s ]
[ sql ] [ SQL ] SHOW COLUMNS FROM `bld_userlist` [ RunTime:0.000966s ]
[ sql ] [ SQL ] SELECT `id`,`name`,`nickName`,`phone`,`avatarUrl`,`price` FROM `bld_userlist` WHERE  `id` = 6 LIMIT 1 [ RunTime:0.000532s ]
---------------------------------------------------------------
[ 2020-04-11T19:54:23+08:00 ] 0.0.0.0 POST www.bianlidian.com/api/user/listrest
[运行时间：0.260236s] [吞吐率：3.84req/s] [内存消耗：3,739.76kb] [文件加载：126]
[ info ] [ BEHAVIOR ] Run Closure @app_init [ RunTime:0.000062s ]
[ info ] [ CACHE ] INIT File
[ info ] [ BEHAVIOR ] Run Closure @app_init [ RunTime:0.049687s ]
[ info ] [ LANG ] /Applications/MAMP/htdocs/www/BIanLiDian/thinkphp/lang/zh-cn.php
[ info ] [ ROUTE ] array (
  'type' => 'module',
  'module' => 
  array (
    0 => 'api',
    1 => 'user',
    2 => 'listrest',
  ),
)
[ info ] [ HEADER ] array (
  'host' => 'www.bianlidian.com',
  'connection' => 'keep-alive',
  'content-length' => '232',
  'pragma' => 'no-cache',
  'cache-control' => 'no-cache',
  'origin' => 'http://127.0.0.1:45670',
  'user-agent' => 'Mozilla/5.0 (iPhone; CPU iPhone OS 10_3_1 like Mac OS X) AppleWebKit/603.1.3 (KHTML, like Gecko) Version/10.0 Mobile/14E304 Safari/602.1 wechatdevtools/1.02.2001022 MicroMessenger/7.0.4 Language/zh_CN webview/',
  'content-type' => 'application/x-www-form-urlencoded',
  'accept' => '*/*',
  'referer' => 'https://servicewechat.com/wx3fb24f5d2f0956d6/devtools/page-frame.html',
  'accept-encoding' => 'gzip, deflate',
)
[ info ] [ PARAM ] array (
  'token' => 'UmYAO1FoBmwJcwEkVW5UNwA1AiIDPwYyUSIBaFNoADkAY1NpBn9UPgk+A29Qc1hmAH9XMFFqBD0DNlwsUTgGdlI9ADNRYwZsCSoBOFU2VG8ATgI0A2IGZlExASJTRgBLABZTBAYhVE8JTQMnUBNYOgBYVw9RbAQWAxZcbFFIBmhSbAAjUWAGJQkyAWJVblQnAH8CaAM5BjhRZQFxUzoAagBvU2IGN1R5',
)
[ info ] [ LANG ] /Applications/MAMP/htdocs/www/BIanLiDian/public/../application/api/lang/zh-cn.php
[ info ] [ BEHAVIOR ] Run app\common\behavior\Common @module_init [ RunTime:0.011954s ]
[ info ] [ TOKEN ] INIT Mysql
[ info ] [ DB ] INIT mysql
[ info ] [ LANG ] /Applications/MAMP/htdocs/www/BIanLiDian/public/../application/api/lang/zh-cn/user.php
[ info ] [ RUN ] app\api\controller\User->listrest[ /Applications/MAMP/htdocs/www/BIanLiDian/application/api/controller/User.php ]
[ info ] [ LOG ] INIT File
[ sql ] [ DB ] CONNECT:[ UseTime:0.000668s ] mysql:host=127.0.0.1;dbname=BIanLiDian;charset=utf8
[ sql ] [ SQL ] SHOW COLUMNS FROM `bld_user_token` [ RunTime:0.000822s ]
[ sql ] [ SQL ] SELECT * FROM `bld_user_token` WHERE  `token` = '087eca24769fc8f2611ce25f4a267d8b7459341f' LIMIT 1 [ RunTime:0.001482s ]
[ sql ] [ SQL ] SHOW COLUMNS FROM `bld_address` [ RunTime:0.013688s ]
[ sql ] [ SQL ] SELECT * FROM `bld_address` WHERE  `uid` = 6 ORDER BY `id` DESC [ RunTime:0.000602s ]
---------------------------------------------------------------
[ 2020-04-11T19:54:25+08:00 ] 0.0.0.0 POST www.bianlidian.com/api/user/userdata
[运行时间：0.240079s] [吞吐率：4.17req/s] [内存消耗：3,675.23kb] [文件加载：126]
[ info ] [ BEHAVIOR ] Run Closure @app_init [ RunTime:0.000065s ]
[ info ] [ CACHE ] INIT File
[ info ] [ BEHAVIOR ] Run Closure @app_init [ RunTime:0.023294s ]
[ info ] [ LANG ] /Applications/MAMP/htdocs/www/BIanLiDian/thinkphp/lang/zh-cn.php
[ info ] [ ROUTE ] array (
  'type' => 'module',
  'module' => 
  array (
    0 => 'api',
    1 => 'user',
    2 => 'userdata',
  ),
)
[ info ] [ HEADER ] array (
  'host' => 'www.bianlidian.com',
  'connection' => 'keep-alive',
  'content-length' => '232',
  'pragma' => 'no-cache',
  'cache-control' => 'no-cache',
  'origin' => 'http://127.0.0.1:45670',
  'user-agent' => 'Mozilla/5.0 (iPhone; CPU iPhone OS 10_3_1 like Mac OS X) AppleWebKit/603.1.3 (KHTML, like Gecko) Version/10.0 Mobile/14E304 Safari/602.1 wechatdevtools/1.02.2001022 MicroMessenger/7.0.4 Language/zh_CN webview/',
  'content-type' => 'application/x-www-form-urlencoded',
  'accept' => '*/*',
  'referer' => 'https://servicewechat.com/wx3fb24f5d2f0956d6/devtools/page-frame.html',
  'accept-encoding' => 'gzip, deflate',
)
[ info ] [ PARAM ] array (
  'token' => 'UmYAO1FoBmwJcwEkVW5UNwA1AiIDPwYyUSIBaFNoADkAY1NpBn9UPgk+A29Qc1hmAH9XMFFqBD0DNlwsUTgGdlI9ADNRYwZsCSoBOFU2VG8ATgI0A2IGZlExASJTRgBLABZTBAYhVE8JTQMnUBNYOgBYVw9RbAQWAxZcbFFIBmhSbAAjUWAGJQkyAWJVblQnAH8CaAM5BjhRZQFxUzoAagBvU2IGN1R5',
)
[ info ] [ LANG ] /Applications/MAMP/htdocs/www/BIanLiDian/public/../application/api/lang/zh-cn.php
[ info ] [ BEHAVIOR ] Run app\common\behavior\Common @module_init [ RunTime:0.003888s ]
[ info ] [ TOKEN ] INIT Mysql
[ info ] [ DB ] INIT mysql
[ info ] [ LANG ] /Applications/MAMP/htdocs/www/BIanLiDian/public/../application/api/lang/zh-cn/user.php
[ info ] [ RUN ] app\api\controller\User->userdata[ /Applications/MAMP/htdocs/www/BIanLiDian/application/api/controller/User.php ]
[ info ] [ LOG ] INIT File
[ sql ] [ DB ] CONNECT:[ UseTime:0.000804s ] mysql:host=127.0.0.1;dbname=BIanLiDian;charset=utf8
[ sql ] [ SQL ] SHOW COLUMNS FROM `bld_user_token` [ RunTime:0.001380s ]
[ sql ] [ SQL ] SELECT * FROM `bld_user_token` WHERE  `token` = '087eca24769fc8f2611ce25f4a267d8b7459341f' LIMIT 1 [ RunTime:0.000470s ]
[ sql ] [ SQL ] SHOW COLUMNS FROM `bld_userlist` [ RunTime:0.001578s ]
[ sql ] [ SQL ] SELECT `id`,`name`,`nickName`,`phone`,`avatarUrl`,`price` FROM `bld_userlist` WHERE  `id` = 6 LIMIT 1 [ RunTime:0.000952s ]
---------------------------------------------------------------
[ 2020-04-11T19:54:27+08:00 ] 0.0.0.0 GET www.bianlidian.com/api/user/userupdate?token=UmYAO1FoBmwJcwEkVW5UNwA1AiIDPwYyUSIBaFNoADkAY1NpBn9UPgk%2BA29Qc1hmAH9XMFFqBD0DNlwsUTgGdlI9ADNRYwZsCSoBOFU2VG8ATgI0A2IGZlExASJTRgBLABZTBAYhVE8JTQMnUBNYOgBYVw9RbAQWAxZcbFFIBmhSbAAjUWAGJQkyAWJVblQnAH8CaAM5BjhRZQFxUzoAagBvU2IGN1R5
[运行时间：0.352794s] [吞吐率：2.83req/s] [内存消耗：3,677.73kb] [文件加载：126]
[ info ] [ BEHAVIOR ] Run Closure @app_init [ RunTime:0.000059s ]
[ info ] [ CACHE ] INIT File
[ info ] [ BEHAVIOR ] Run Closure @app_init [ RunTime:0.043346s ]
[ info ] [ LANG ] /Applications/MAMP/htdocs/www/BIanLiDian/thinkphp/lang/zh-cn.php
[ info ] [ ROUTE ] array (
  'type' => 'module',
  'module' => 
  array (
    0 => 'api',
    1 => 'user',
    2 => 'userupdate',
  ),
)
[ info ] [ HEADER ] array (
  'host' => 'www.bianlidian.com',
  'connection' => 'keep-alive',
  'pragma' => 'no-cache',
  'cache-control' => 'no-cache',
  'user-agent' => 'Mozilla/5.0 (iPhone; CPU iPhone OS 10_3_1 like Mac OS X) AppleWebKit/603.1.3 (KHTML, like Gecko) Version/10.0 Mobile/14E304 Safari/602.1 wechatdevtools/1.02.2001022 MicroMessenger/7.0.4 Language/zh_CN webview/',
  'content-type' => 'application/json',
  'accept' => '*/*',
  'referer' => 'https://servicewechat.com/wx3fb24f5d2f0956d6/devtools/page-frame.html',
  'accept-encoding' => 'gzip, deflate',
)
[ info ] [ PARAM ] array (
  'token' => 'UmYAO1FoBmwJcwEkVW5UNwA1AiIDPwYyUSIBaFNoADkAY1NpBn9UPgk+A29Qc1hmAH9XMFFqBD0DNlwsUTgGdlI9ADNRYwZsCSoBOFU2VG8ATgI0A2IGZlExASJTRgBLABZTBAYhVE8JTQMnUBNYOgBYVw9RbAQWAxZcbFFIBmhSbAAjUWAGJQkyAWJVblQnAH8CaAM5BjhRZQFxUzoAagBvU2IGN1R5',
)
[ info ] [ LANG ] /Applications/MAMP/htdocs/www/BIanLiDian/public/../application/api/lang/zh-cn.php
[ info ] [ BEHAVIOR ] Run app\common\behavior\Common @module_init [ RunTime:0.005699s ]
[ info ] [ TOKEN ] INIT Mysql
[ info ] [ DB ] INIT mysql
[ info ] [ LANG ] /Applications/MAMP/htdocs/www/BIanLiDian/public/../application/api/lang/zh-cn/user.php
[ info ] [ RUN ] app\api\controller\User->userupdate[ /Applications/MAMP/htdocs/www/BIanLiDian/application/api/controller/User.php ]
[ info ] [ LOG ] INIT File
[ sql ] [ DB ] CONNECT:[ UseTime:0.000782s ] mysql:host=127.0.0.1;dbname=BIanLiDian;charset=utf8
[ sql ] [ SQL ] SHOW COLUMNS FROM `bld_user_token` [ RunTime:0.028067s ]
[ sql ] [ SQL ] SELECT * FROM `bld_user_token` WHERE  `token` = '087eca24769fc8f2611ce25f4a267d8b7459341f' LIMIT 1 [ RunTime:0.024053s ]
[ sql ] [ SQL ] SHOW COLUMNS FROM `bld_userlist` [ RunTime:0.001475s ]
[ sql ] [ SQL ] SELECT `name`,`nickName`,`phone`,`avatarUrl`,`mailbox`,`state`,`city`,`country`,`province` FROM `bld_userlist` WHERE  `id` = 6 LIMIT 1 [ RunTime:0.000699s ]
---------------------------------------------------------------
[ 2020-04-11T19:55:38+08:00 ] 0.0.0.0 POST www.bianlidian.com/api/order/orderone
[运行时间：0.302099s] [吞吐率：3.31req/s] [内存消耗：3,575.27kb] [文件加载：122]
[ info ] [ BEHAVIOR ] Run Closure @app_init [ RunTime:0.000106s ]
[ info ] [ CACHE ] INIT File
[ info ] [ BEHAVIOR ] Run Closure @app_init [ RunTime:0.006221s ]
[ info ] [ LANG ] /Applications/MAMP/htdocs/www/BIanLiDian/thinkphp/lang/zh-cn.php
[ info ] [ ROUTE ] array (
  'type' => 'module',
  'module' => 
  array (
    0 => 'api',
    1 => 'order',
    2 => 'orderone',
  ),
)
[ info ] [ HEADER ] array (
  'host' => 'www.bianlidian.com',
  'connection' => 'keep-alive',
  'content-length' => '0',
  'pragma' => 'no-cache',
  'cache-control' => 'no-cache',
  'origin' => 'http://127.0.0.1:45670',
  'user-agent' => 'Mozilla/5.0 (iPhone; CPU iPhone OS 10_3_1 like Mac OS X) AppleWebKit/603.1.3 (KHTML, like Gecko) Version/10.0 Mobile/14E304 Safari/602.1 wechatdevtools/1.02.2001022 MicroMessenger/7.0.4 Language/zh_CN webview/',
  'content-type' => 'application/x-www-form-urlencoded',
  'accept' => '*/*',
  'referer' => 'https://servicewechat.com/wx3fb24f5d2f0956d6/devtools/page-frame.html',
  'accept-encoding' => 'gzip, deflate',
)
[ info ] [ PARAM ] array (
)
[ info ] [ LANG ] /Applications/MAMP/htdocs/www/BIanLiDian/public/../application/api/lang/zh-cn.php
[ info ] [ BEHAVIOR ] Run app\common\behavior\Common @module_init [ RunTime:0.006955s ]
[ info ] [ RUN ] app\api\controller\Order->orderone[ /Applications/MAMP/htdocs/www/BIanLiDian/application/api/controller/Order.php ]
[ info ] [ DB ] INIT mysql
[ info ] [ LOG ] INIT File
[ sql ] [ DB ] CONNECT:[ UseTime:0.000632s ] mysql:host=127.0.0.1;dbname=BIanLiDian;charset=utf8
[ sql ] [ SQL ] SHOW COLUMNS FROM `bld_classify` [ RunTime:0.001379s ]
[ sql ] [ SQL ] SELECT `id`,`name`,`description` FROM `bld_classify` WHERE  `state` > '0' [ RunTime:0.000508s ]
---------------------------------------------------------------
[ 2020-04-11T19:55:38+08:00 ] 0.0.0.0 POST www.bianlidian.com/api/order/configuration
[运行时间：0.304317s] [吞吐率：3.29req/s] [内存消耗：3,575.29kb] [文件加载：122]
[ info ] [ BEHAVIOR ] Run Closure @app_init [ RunTime:0.000192s ]
[ info ] [ CACHE ] INIT File
[ info ] [ BEHAVIOR ] Run Closure @app_init [ RunTime:0.007838s ]
[ info ] [ LANG ] /Applications/MAMP/htdocs/www/BIanLiDian/thinkphp/lang/zh-cn.php
[ info ] [ ROUTE ] array (
  'type' => 'module',
  'module' => 
  array (
    0 => 'api',
    1 => 'order',
    2 => 'configuration',
  ),
)
[ info ] [ HEADER ] array (
  'host' => 'www.bianlidian.com',
  'connection' => 'keep-alive',
  'content-length' => '0',
  'pragma' => 'no-cache',
  'cache-control' => 'no-cache',
  'origin' => 'http://127.0.0.1:45670',
  'user-agent' => 'Mozilla/5.0 (iPhone; CPU iPhone OS 10_3_1 like Mac OS X) AppleWebKit/603.1.3 (KHTML, like Gecko) Version/10.0 Mobile/14E304 Safari/602.1 wechatdevtools/1.02.2001022 MicroMessenger/7.0.4 Language/zh_CN webview/',
  'content-type' => 'application/x-www-form-urlencoded',
  'accept' => '*/*',
  'referer' => 'https://servicewechat.com/wx3fb24f5d2f0956d6/devtools/page-frame.html',
  'accept-encoding' => 'gzip, deflate',
)
[ info ] [ PARAM ] array (
)
[ info ] [ LANG ] /Applications/MAMP/htdocs/www/BIanLiDian/public/../application/api/lang/zh-cn.php
[ info ] [ BEHAVIOR ] Run app\common\behavior\Common @module_init [ RunTime:0.009681s ]
[ info ] [ RUN ] app\api\controller\Order->configuration[ /Applications/MAMP/htdocs/www/BIanLiDian/application/api/controller/Order.php ]
[ info ] [ DB ] INIT mysql
[ info ] [ LOG ] INIT File
[ sql ] [ DB ] CONNECT:[ UseTime:0.000719s ] mysql:host=127.0.0.1;dbname=BIanLiDian;charset=utf8
[ sql ] [ SQL ] SHOW COLUMNS FROM `bld_configuration` [ RunTime:0.000902s ]
[ sql ] [ SQL ] SELECT `id`,`distribution`,`deliverypay` FROM `bld_configuration` WHERE  `state` = '1' LIMIT 1 [ RunTime:0.000610s ]
---------------------------------------------------------------
[ 2020-04-11T19:55:38+08:00 ] 0.0.0.0 POST www.bianlidian.com/api/order/orderlist
[运行时间：0.106892s] [吞吐率：9.36req/s] [内存消耗：3,584.53kb] [文件加载：123]
[ info ] [ BEHAVIOR ] Run Closure @app_init [ RunTime:0.000053s ]
[ info ] [ CACHE ] INIT File
[ info ] [ BEHAVIOR ] Run Closure @app_init [ RunTime:0.003432s ]
[ info ] [ LANG ] /Applications/MAMP/htdocs/www/BIanLiDian/thinkphp/lang/zh-cn.php
[ info ] [ ROUTE ] array (
  'type' => 'module',
  'module' => 
  array (
    0 => 'api',
    1 => 'order',
    2 => 'orderlist',
  ),
)
[ info ] [ HEADER ] array (
  'host' => 'www.bianlidian.com',
  'connection' => 'keep-alive',
  'content-length' => '4',
  'pragma' => 'no-cache',
  'cache-control' => 'no-cache',
  'origin' => 'http://127.0.0.1:45670',
  'user-agent' => 'Mozilla/5.0 (iPhone; CPU iPhone OS 10_3_1 like Mac OS X) AppleWebKit/603.1.3 (KHTML, like Gecko) Version/10.0 Mobile/14E304 Safari/602.1 wechatdevtools/1.02.2001022 MicroMessenger/7.0.4 Language/zh_CN webview/',
  'content-type' => 'application/x-www-form-urlencoded',
  'accept' => '*/*',
  'referer' => 'https://servicewechat.com/wx3fb24f5d2f0956d6/devtools/page-frame.html',
  'accept-encoding' => 'gzip, deflate',
)
[ info ] [ PARAM ] array (
  'id' => '1',
)
[ info ] [ LANG ] /Applications/MAMP/htdocs/www/BIanLiDian/public/../application/api/lang/zh-cn.php
[ info ] [ BEHAVIOR ] Run app\common\behavior\Common @module_init [ RunTime:0.006419s ]
[ info ] [ RUN ] app\api\controller\Order->orderlist[ /Applications/MAMP/htdocs/www/BIanLiDian/application/api/controller/Order.php ]
[ info ] [ DB ] INIT mysql
[ info ] [ LOG ] INIT File
[ sql ] [ DB ] CONNECT:[ UseTime:0.001274s ] mysql:host=127.0.0.1;dbname=BIanLiDian;charset=utf8
[ sql ] [ SQL ] SHOW COLUMNS FROM `bld_commodity` [ RunTime:0.007521s ]
[ sql ] [ SQL ] SELECT * FROM `bld_commodity` WHERE  (  classify_id = 1 AND state > 0 AND repertory > 0 ) ORDER BY `id` DESC [ RunTime:0.002470s ]
---------------------------------------------------------------
[ 2020-04-11T19:57:02+08:00 ] 0.0.0.0 POST www.bianlidian.com/api/user/userdata
[运行时间：0.688686s] [吞吐率：1.45req/s] [内存消耗：3,675.23kb] [文件加载：126]
[ info ] [ BEHAVIOR ] Run Closure @app_init [ RunTime:0.000067s ]
[ info ] [ CACHE ] INIT File
[ info ] [ BEHAVIOR ] Run Closure @app_init [ RunTime:0.044227s ]
[ info ] [ LANG ] /Applications/MAMP/htdocs/www/BIanLiDian/thinkphp/lang/zh-cn.php
[ info ] [ ROUTE ] array (
  'type' => 'module',
  'module' => 
  array (
    0 => 'api',
    1 => 'user',
    2 => 'userdata',
  ),
)
[ info ] [ HEADER ] array (
  'host' => 'www.bianlidian.com',
  'connection' => 'keep-alive',
  'content-length' => '232',
  'pragma' => 'no-cache',
  'cache-control' => 'no-cache',
  'origin' => 'http://127.0.0.1:45670',
  'user-agent' => 'Mozilla/5.0 (iPhone; CPU iPhone OS 10_3_1 like Mac OS X) AppleWebKit/603.1.3 (KHTML, like Gecko) Version/10.0 Mobile/14E304 Safari/602.1 wechatdevtools/1.02.2001022 MicroMessenger/7.0.4 Language/zh_CN webview/',
  'content-type' => 'application/x-www-form-urlencoded',
  'accept' => '*/*',
  'referer' => 'https://servicewechat.com/wx3fb24f5d2f0956d6/devtools/page-frame.html',
  'accept-encoding' => 'gzip, deflate',
)
[ info ] [ PARAM ] array (
  'token' => 'UmYAO1FoBmwJcwEkVW5UNwA1AiIDPwYyUSIBaFNoADkAY1NpBn9UPgk+A29Qc1hmAH9XMFFqBD0DNlwsUTgGdlI9ADNRYwZsCSoBOFU2VG8ATgI0A2IGZlExASJTRgBLABZTBAYhVE8JTQMnUBNYOgBYVw9RbAQWAxZcbFFIBmhSbAAjUWAGJQkyAWJVblQnAH8CaAM5BjhRZQFxUzoAagBvU2IGN1R5',
)
[ info ] [ LANG ] /Applications/MAMP/htdocs/www/BIanLiDian/public/../application/api/lang/zh-cn.php
[ info ] [ BEHAVIOR ] Run app\common\behavior\Common @module_init [ RunTime:0.012224s ]
[ info ] [ TOKEN ] INIT Mysql
[ info ] [ DB ] INIT mysql
[ info ] [ LANG ] /Applications/MAMP/htdocs/www/BIanLiDian/public/../application/api/lang/zh-cn/user.php
[ info ] [ RUN ] app\api\controller\User->userdata[ /Applications/MAMP/htdocs/www/BIanLiDian/application/api/controller/User.php ]
[ info ] [ LOG ] INIT File
[ sql ] [ DB ] CONNECT:[ UseTime:0.004490s ] mysql:host=127.0.0.1;dbname=BIanLiDian;charset=utf8
[ sql ] [ SQL ] SHOW COLUMNS FROM `bld_user_token` [ RunTime:0.003987s ]
[ sql ] [ SQL ] SELECT * FROM `bld_user_token` WHERE  `token` = '087eca24769fc8f2611ce25f4a267d8b7459341f' LIMIT 1 [ RunTime:0.000479s ]
[ sql ] [ SQL ] SHOW COLUMNS FROM `bld_userlist` [ RunTime:0.000848s ]
[ sql ] [ SQL ] SELECT `id`,`name`,`nickName`,`phone`,`avatarUrl`,`price` FROM `bld_userlist` WHERE  `id` = 6 LIMIT 1 [ RunTime:0.000475s ]
---------------------------------------------------------------
[ 2020-04-11T19:57:02+08:00 ] 0.0.0.0 POST www.bianlidian.com/api/user/userdata
[运行时间：0.697358s] [吞吐率：1.43req/s] [内存消耗：3,675.23kb] [文件加载：126]
[ info ] [ BEHAVIOR ] Run Closure @app_init [ RunTime:0.000167s ]
[ info ] [ CACHE ] INIT File
[ info ] [ BEHAVIOR ] Run Closure @app_init [ RunTime:0.042392s ]
[ info ] [ LANG ] /Applications/MAMP/htdocs/www/BIanLiDian/thinkphp/lang/zh-cn.php
[ info ] [ ROUTE ] array (
  'type' => 'module',
  'module' => 
  array (
    0 => 'api',
    1 => 'user',
    2 => 'userdata',
  ),
)
[ info ] [ HEADER ] array (
  'host' => 'www.bianlidian.com',
  'connection' => 'keep-alive',
  'content-length' => '232',
  'pragma' => 'no-cache',
  'cache-control' => 'no-cache',
  'origin' => 'http://127.0.0.1:45670',
  'user-agent' => 'Mozilla/5.0 (iPhone; CPU iPhone OS 10_3_1 like Mac OS X) AppleWebKit/603.1.3 (KHTML, like Gecko) Version/10.0 Mobile/14E304 Safari/602.1 wechatdevtools/1.02.2001022 MicroMessenger/7.0.4 Language/zh_CN webview/',
  'content-type' => 'application/x-www-form-urlencoded',
  'accept' => '*/*',
  'referer' => 'https://servicewechat.com/wx3fb24f5d2f0956d6/devtools/page-frame.html',
  'accept-encoding' => 'gzip, deflate',
)
[ info ] [ PARAM ] array (
  'token' => 'UmYAO1FoBmwJcwEkVW5UNwA1AiIDPwYyUSIBaFNoADkAY1NpBn9UPgk+A29Qc1hmAH9XMFFqBD0DNlwsUTgGdlI9ADNRYwZsCSoBOFU2VG8ATgI0A2IGZlExASJTRgBLABZTBAYhVE8JTQMnUBNYOgBYVw9RbAQWAxZcbFFIBmhSbAAjUWAGJQkyAWJVblQnAH8CaAM5BjhRZQFxUzoAagBvU2IGN1R5',
)
[ info ] [ LANG ] /Applications/MAMP/htdocs/www/BIanLiDian/public/../application/api/lang/zh-cn.php
[ info ] [ BEHAVIOR ] Run app\common\behavior\Common @module_init [ RunTime:0.012768s ]
[ info ] [ TOKEN ] INIT Mysql
[ info ] [ DB ] INIT mysql
[ info ] [ LANG ] /Applications/MAMP/htdocs/www/BIanLiDian/public/../application/api/lang/zh-cn/user.php
[ info ] [ RUN ] app\api\controller\User->userdata[ /Applications/MAMP/htdocs/www/BIanLiDian/application/api/controller/User.php ]
[ info ] [ LOG ] INIT File
[ sql ] [ DB ] CONNECT:[ UseTime:0.005978s ] mysql:host=127.0.0.1;dbname=BIanLiDian;charset=utf8
[ sql ] [ SQL ] SHOW COLUMNS FROM `bld_user_token` [ RunTime:0.001570s ]
[ sql ] [ SQL ] SELECT * FROM `bld_user_token` WHERE  `token` = '087eca24769fc8f2611ce25f4a267d8b7459341f' LIMIT 1 [ RunTime:0.000454s ]
[ sql ] [ SQL ] SHOW COLUMNS FROM `bld_userlist` [ RunTime:0.001013s ]
[ sql ] [ SQL ] SELECT `id`,`name`,`nickName`,`phone`,`avatarUrl`,`price` FROM `bld_userlist` WHERE  `id` = 6 LIMIT 1 [ RunTime:0.000470s ]
---------------------------------------------------------------
[ 2020-04-11T19:57:03+08:00 ] 0.0.0.0 GET www.bianlidian.com/api/user/userupdate?token=UmYAO1FoBmwJcwEkVW5UNwA1AiIDPwYyUSIBaFNoADkAY1NpBn9UPgk%2BA29Qc1hmAH9XMFFqBD0DNlwsUTgGdlI9ADNRYwZsCSoBOFU2VG8ATgI0A2IGZlExASJTRgBLABZTBAYhVE8JTQMnUBNYOgBYVw9RbAQWAxZcbFFIBmhSbAAjUWAGJQkyAWJVblQnAH8CaAM5BjhRZQFxUzoAagBvU2IGN1R5
[运行时间：0.290621s] [吞吐率：3.44req/s] [内存消耗：3,677.73kb] [文件加载：126]
[ info ] [ BEHAVIOR ] Run Closure @app_init [ RunTime:0.000063s ]
[ info ] [ CACHE ] INIT File
[ info ] [ BEHAVIOR ] Run Closure @app_init [ RunTime:0.012696s ]
[ info ] [ LANG ] /Applications/MAMP/htdocs/www/BIanLiDian/thinkphp/lang/zh-cn.php
[ info ] [ ROUTE ] array (
  'type' => 'module',
  'module' => 
  array (
    0 => 'api',
    1 => 'user',
    2 => 'userupdate',
  ),
)
[ info ] [ HEADER ] array (
  'host' => 'www.bianlidian.com',
  'connection' => 'keep-alive',
  'pragma' => 'no-cache',
  'cache-control' => 'no-cache',
  'user-agent' => 'Mozilla/5.0 (iPhone; CPU iPhone OS 10_3_1 like Mac OS X) AppleWebKit/603.1.3 (KHTML, like Gecko) Version/10.0 Mobile/14E304 Safari/602.1 wechatdevtools/1.02.2001022 MicroMessenger/7.0.4 Language/zh_CN webview/',
  'content-type' => 'application/json',
  'accept' => '*/*',
  'referer' => 'https://servicewechat.com/wx3fb24f5d2f0956d6/devtools/page-frame.html',
  'accept-encoding' => 'gzip, deflate',
)
[ info ] [ PARAM ] array (
  'token' => 'UmYAO1FoBmwJcwEkVW5UNwA1AiIDPwYyUSIBaFNoADkAY1NpBn9UPgk+A29Qc1hmAH9XMFFqBD0DNlwsUTgGdlI9ADNRYwZsCSoBOFU2VG8ATgI0A2IGZlExASJTRgBLABZTBAYhVE8JTQMnUBNYOgBYVw9RbAQWAxZcbFFIBmhSbAAjUWAGJQkyAWJVblQnAH8CaAM5BjhRZQFxUzoAagBvU2IGN1R5',
)
[ info ] [ LANG ] /Applications/MAMP/htdocs/www/BIanLiDian/public/../application/api/lang/zh-cn.php
[ info ] [ BEHAVIOR ] Run app\common\behavior\Common @module_init [ RunTime:0.021525s ]
[ info ] [ TOKEN ] INIT Mysql
[ info ] [ DB ] INIT mysql
[ info ] [ LANG ] /Applications/MAMP/htdocs/www/BIanLiDian/public/../application/api/lang/zh-cn/user.php
[ info ] [ RUN ] app\api\controller\User->userupdate[ /Applications/MAMP/htdocs/www/BIanLiDian/application/api/controller/User.php ]
[ info ] [ LOG ] INIT File
[ sql ] [ DB ] CONNECT:[ UseTime:0.000770s ] mysql:host=127.0.0.1;dbname=BIanLiDian;charset=utf8
[ sql ] [ SQL ] SHOW COLUMNS FROM `bld_user_token` [ RunTime:0.010408s ]
[ sql ] [ SQL ] SELECT * FROM `bld_user_token` WHERE  `token` = '087eca24769fc8f2611ce25f4a267d8b7459341f' LIMIT 1 [ RunTime:0.000566s ]
[ sql ] [ SQL ] SHOW COLUMNS FROM `bld_userlist` [ RunTime:0.004083s ]
[ sql ] [ SQL ] SELECT `name`,`nickName`,`phone`,`avatarUrl`,`mailbox`,`state`,`city`,`country`,`province` FROM `bld_userlist` WHERE  `id` = 6 LIMIT 1 [ RunTime:0.000526s ]
